2020-07-11 18:17:21-log: [Package] ui-kit@1.0.0 enable
2020-07-11 18:17:21-log: [Package] preferences@1.0.0 enable
2020-07-11 18:17:21-log: [Package] ipc@1.0.0 enable
2020-07-11 18:17:21-log: [Package] tester@1.0.0 enable
2020-07-11 18:17:23-log: [Package] engine@1.0.0 enable
2020-07-11 18:17:23-log: [Package] asset-db@1.0.0 enable
2020-07-11 18:17:23-log: [Package] scene@1.0.0 enable
2020-07-11 18:17:23-log: [Package] about@1.0.0 enable
2020-07-11 18:17:23-log: [Package] packager@1.0.0 enable
2020-07-11 18:17:23-log: [Package] project-setting@1.0.0 enable
2020-07-11 18:17:23-log: [Package] server@1.0.0 enable
2020-07-11 18:17:23-log: [Package] utils@1.0.0 enable
2020-07-11 18:17:23-log: [Package] profile@1.0.0 enable
2020-07-11 18:17:23-log: [Package] assets@1.0.0 enable
2020-07-11 18:17:23-log: [Package] inspector@1.0.0 enable
2020-07-11 18:17:23-log: [Package] hierarchy@1.0.0 enable
2020-07-11 18:17:23-log: [Package] preview@1.0.0 enable
2020-07-11 18:17:23-log: [Package] animator@1.0.0 enable
2020-07-11 18:17:24-log: [Package] builder@1.0.0 enable
2020-07-11 18:17:24-log: [Package] lightmap@1.0.0 enable
2020-07-11 18:17:24-log: [Package] alipay-mini-game@1.0.0 enable
2020-07-11 18:17:24-log: [Package] android@1.0.0 enable
2020-07-11 18:17:24-log: [Package] baidu-mini-game@1.0.0 enable
2020-07-11 18:17:24-log: [Package] cocos-play@1.0.0 enable
2020-07-11 18:17:24-log: [Package] huawei-mini-game@1.0.0 enable
2020-07-11 18:17:24-log: [Package] ios@1.0.0 enable
2020-07-11 18:17:24-log: [Package] mac@1.0.0 enable
2020-07-11 18:17:24-log: [Package] native@1.0.0 enable
2020-07-11 18:17:24-log: [Package] oppo-mini-game@1.0.0 enable
2020-07-11 18:17:24-log: [Package] vivo-mini-game@1.0.0 enable
2020-07-11 18:17:24-log: [Package] web-desktop@1.0.0 enable
2020-07-11 18:17:24-log: [Package] web-mobile@1.0.0 enable
2020-07-11 18:17:24-log: [Package] windows@1.0.0 enable
2020-07-11 18:17:24-log: [Package] wechatgame@1.0.0 enable
2020-07-11 18:17:24-log: [Package] xiaomi-quick-game@1.0.0 enable
2020-07-11 18:17:23-log: [Package] console@1.0.0 enable
2020-07-11 18:17:31-warn: [Scene] Sender does not exist
2020-07-11 18:48:38-warn: [Scene] No needs to indicate the 'cc.Boolean' attribute for "FloorLayer.is_Square", which its default value is type of Boolean.
2020-07-11 18:48:39-warn: [Scene] No needs to indicate the 'cc.Boolean' attribute for "FloorLayer.is_Square", which its default value is type of Boolean.
2020-07-11 21:27:50-warn: [Scene] No needs to indicate the 'cc.Boolean' attribute for "FloorLayer.is_Square", which its default value is type of Boolean.
2020-07-11 21:27:50-warn: [Scene] No needs to indicate the 'cc.Boolean' attribute for "FloorLayer.is_Square", which its default value is type of Boolean.
2020-07-11 22:55:11-warn: [Scene] No needs to indicate the 'cc.Boolean' attribute for "FloorLayer.is_Square", which its default value is type of Boolean.
2020-07-11 22:55:11-warn: [Scene] No needs to indicate the 'cc.Boolean' attribute for "FloorLayer.is_Square", which its default value is type of Boolean.
2020-07-11 22:55:37-warn: [Scene] No needs to indicate the 'cc.Boolean' attribute for "FloorLayer.is_Square", which its default value is type of Boolean.
2020-07-11 22:55:37-warn: [Scene] No needs to indicate the 'cc.Boolean' attribute for "FloorLayer.is_Square", which its default value is type of Boolean.
2020-07-11 23:08:55-warn: [Scene] No needs to indicate the 'cc.Boolean' attribute for "FloorLayer.is_Square", which its default value is type of Boolean.
2020-07-11 23:08:55-warn: [Scene] No needs to indicate the 'cc.Boolean' attribute for "FloorLayer.is_Square", which its default value is type of Boolean.
2020-07-11 23:19:11-warn: [Scene] No needs to indicate the 'cc.Boolean' attribute for "FloorLayer.is_Square", which its default value is type of Boolean.
2020-07-11 23:19:11-warn: [Scene] No needs to indicate the 'cc.Boolean' attribute for "FloorLayer.is_Square", which its default value is type of Boolean.
2020-07-11 23:20:31-warn: [Scene] No needs to indicate the 'cc.Boolean' attribute for "FloorLayer.is_Square", which its default value is type of Boolean.
2020-07-11 23:20:31-warn: [Scene] No needs to indicate the 'cc.Boolean' attribute for "FloorLayer.is_Square", which its default value is type of Boolean.
2020-07-11 23:21:19-warn: [Scene] No needs to indicate the 'cc.Boolean' attribute for "FloorLayer.is_Square", which its default value is type of Boolean.
2020-07-11 23:21:19-warn: [Scene] No needs to indicate the 'cc.Boolean' attribute for "FloorLayer.is_Square", which its default value is type of Boolean.
2020-07-11 23:23:01-warn: [Scene] No needs to indicate the 'cc.Boolean' attribute for "FloorLayer.is_Square", which its default value is type of Boolean.
2020-07-11 23:23:01-warn: [Scene] No needs to indicate the 'cc.Boolean' attribute for "FloorLayer.is_Square", which its default value is type of Boolean.
2020-07-11 23:24:45-warn: [Scene] No needs to indicate the 'cc.Boolean' attribute for "FloorLayer.is_Square", which its default value is type of Boolean.
2020-07-11 23:24:45-warn: [Scene] No needs to indicate the 'cc.Boolean' attribute for "FloorLayer.is_Square", which its default value is type of Boolean.
2020-07-11 23:25:40-warn: [Scene] No needs to indicate the 'cc.Boolean' attribute for "FloorLayer.is_Square", which its default value is type of Boolean.
2020-07-11 23:25:40-warn: [Scene] No needs to indicate the 'cc.Boolean' attribute for "FloorLayer.is_Square", which its default value is type of Boolean.
2020-07-11 23:27:35-warn: [Scene] No needs to indicate the 'cc.Boolean' attribute for "FloorLayer.is_Square", which its default value is type of Boolean.
2020-07-11 23:27:35-warn: [Scene] No needs to indicate the 'cc.Boolean' attribute for "FloorLayer.is_Square", which its default value is type of Boolean.
2020-07-11 23:28:07-warn: [Scene] No needs to indicate the 'cc.Boolean' attribute for "FloorLayer.is_Square", which its default value is type of Boolean.
2020-07-11 23:28:07-warn: [Scene] No needs to indicate the 'cc.Boolean' attribute for "FloorLayer.is_Square", which its default value is type of Boolean.
2020-07-11 23:30:21-info: asset(F:\ccc\NewProjectccc3d\NewProjectccc3d\assets\resources\material\m_cube.mtl) saved
2020-07-11 23:30:36-info: asset(F:\ccc\NewProjectccc3d\NewProjectccc3d\assets\resources\material\m_cube.mtl) saved
2020-07-11 23:30:52-info: asset(F:\ccc\NewProjectccc3d\NewProjectccc3d\assets\resources\prefab\shape\Cube_r.prefab) saved
2020-07-11 23:30:55-info: asset(F:\ccc\NewProjectccc3d\NewProjectccc3d\assets\resources\material\m_cube.mtl) saved
2020-07-11 23:31:11-info: asset(F:\ccc\NewProjectccc3d\NewProjectccc3d\assets\resources\prefab\shape\Cube_default.prefab) saved
2020-07-11 23:32:09-warn: [Scene] No needs to indicate the 'cc.Boolean' attribute for "FloorLayer.is_Square", which its default value is type of Boolean.
2020-07-11 23:32:09-warn: [Scene] No needs to indicate the 'cc.Boolean' attribute for "FloorLayer.is_Square", which its default value is type of Boolean.
2020-07-11 23:34:03-info: asset(F:\ccc\NewProjectccc3d\NewProjectccc3d\assets\resources\material\m_cube.mtl) saved
2020-07-11 23:34:51-info: asset(F:\ccc\NewProjectccc3d\NewProjectccc3d\assets\resources\material\m_cube.mtl) saved
2020-07-11 23:35:34-info: asset(F:\ccc\NewProjectccc3d\NewProjectccc3d\assets\resources\material\m_cube.mtl) saved
2020-07-11 23:36:56-info: asset(F:\ccc\NewProjectccc3d\NewProjectccc3d\assets\resources\prefab\shape\Cube_b.prefab) saved
2020-07-11 23:36:58-info: asset(F:\ccc\NewProjectccc3d\NewProjectccc3d\assets\resources\material\m_cube_g.mtl) saved
2020-07-11 23:37:11-info: asset(F:\ccc\NewProjectccc3d\NewProjectccc3d\assets\resources\prefab\shape\Cube_b.prefab) saved
2020-07-11 23:37:11-info: asset(F:\ccc\NewProjectccc3d\NewProjectccc3d\assets\resources\prefab\shape\Cube_b.prefab) saved
2020-07-11 23:37:11-info: asset(F:\ccc\NewProjectccc3d\NewProjectccc3d\assets\resources\prefab\shape\Cube_b.prefab) saved
2020-07-11 23:37:11-info: asset(F:\ccc\NewProjectccc3d\NewProjectccc3d\assets\resources\prefab\shape\Cube_b.prefab) saved
2020-07-11 23:37:13-info: asset(F:\ccc\NewProjectccc3d\NewProjectccc3d\assets\resources\material\m_cube_b.mtl) saved
2020-07-11 23:37:32-info: asset(F:\ccc\NewProjectccc3d\NewProjectccc3d\assets\resources\prefab\shape\Cube_b.prefab) saved
2020-07-11 23:37:36-info: asset(F:\ccc\NewProjectccc3d\NewProjectccc3d\assets\resources\material\m_cube_default.mtl) saved
2020-07-11 23:38:09-info: asset(F:\ccc\NewProjectccc3d\NewProjectccc3d\assets\resources\prefab\shape\Cube_g.prefab) saved
2020-07-11 23:38:22-info: asset(F:\ccc\NewProjectccc3d\NewProjectccc3d\assets\resources\prefab\shape\Cube_b.prefab) saved
2020-07-11 23:38:33-info: asset(F:\ccc\NewProjectccc3d\NewProjectccc3d\assets\resources\prefab\shape\Cube_default.prefab) saved
2020-07-11 23:38:33-info: asset(F:\ccc\NewProjectccc3d\NewProjectccc3d\assets\resources\prefab\shape\Cube_default.prefab) saved
2020-07-11 23:38:33-info: asset(F:\ccc\NewProjectccc3d\NewProjectccc3d\assets\resources\prefab\shape\Cube_default.prefab) saved
2020-07-11 23:38:33-info: asset(F:\ccc\NewProjectccc3d\NewProjectccc3d\assets\resources\prefab\shape\Cube_default.prefab) saved
2020-07-11 23:41:22-info: asset(F:\ccc\NewProjectccc3d\NewProjectccc3d\assets\resources\prefab\shape\Cube_b.prefab) saved
2020-07-11 23:41:30-info: asset(F:\ccc\NewProjectccc3d\NewProjectccc3d\assets\resources\prefab\shape\Cube_r.prefab) saved
2020-07-11 23:42:45-info: asset(F:\ccc\NewProjectccc3d\NewProjectccc3d\assets\resources\prefab\shape\Sphere_y.prefab) saved
2020-07-11 23:43:36-info: asset(F:\ccc\NewProjectccc3d\NewProjectccc3d\assets\resources\prefab\shape\Cube_b.prefab) saved
2020-07-11 23:43:43-warn: [Scene] No needs to indicate the 'cc.Boolean' attribute for "FloorLayer.is_Square", which its default value is type of Boolean.
2020-07-11 23:43:43-warn: [Scene] No needs to indicate the 'cc.Boolean' attribute for "FloorLayer.is_Square", which its default value is type of Boolean.
2020-07-11 23:44:52-warn: [Scene] No needs to indicate the 'cc.Boolean' attribute for "FloorLayer.is_Square", which its default value is type of Boolean.
2020-07-11 23:44:52-warn: [Scene] No needs to indicate the 'cc.Boolean' attribute for "FloorLayer.is_Square", which its default value is type of Boolean.
2020-07-11 23:49:12-info: asset(F:\ccc\NewProjectccc3d\NewProjectccc3d\assets\resources\prefab\shape\Cube_g.prefab) saved
2020-07-11 23:49:14-info: asset(F:\ccc\NewProjectccc3d\NewProjectccc3d\assets\resources\prefab\shape\Cube_g.prefab) saved
2020-07-11 23:49:23-info: asset(F:\ccc\NewProjectccc3d\NewProjectccc3d\assets\resources\prefab\shape\Cube_r.prefab) saved
2020-07-11 23:49:36-info: asset(F:\ccc\NewProjectccc3d\NewProjectccc3d\assets\resources\prefab\shape\Sphere_y.prefab) saved
2020-07-11 23:49:36-info: asset(F:\ccc\NewProjectccc3d\NewProjectccc3d\assets\resources\prefab\shape\Sphere_y.prefab) saved
2020-07-11 23:49:36-info: asset(F:\ccc\NewProjectccc3d\NewProjectccc3d\assets\resources\prefab\shape\Sphere_y.prefab) saved
2020-07-11 23:49:51-info: asset(F:\ccc\NewProjectccc3d\NewProjectccc3d\assets\resources\prefab\shape\Cube_b.prefab) saved
2020-07-11 23:49:51-info: asset(F:\ccc\NewProjectccc3d\NewProjectccc3d\assets\resources\prefab\shape\Cube_b.prefab) saved
2020-07-11 23:49:51-info: asset(F:\ccc\NewProjectccc3d\NewProjectccc3d\assets\resources\prefab\shape\Cube_b.prefab) saved
2020-07-11 23:49:52-info: asset(F:\ccc\NewProjectccc3d\NewProjectccc3d\assets\resources\prefab\shape\Cube_b.prefab) saved
2020-07-11 23:49:52-info: asset(F:\ccc\NewProjectccc3d\NewProjectccc3d\assets\resources\prefab\shape\Cube_b.prefab) saved
2020-07-11 23:49:52-info: asset(F:\ccc\NewProjectccc3d\NewProjectccc3d\assets\resources\prefab\shape\Cube_b.prefab) saved
2020-07-11 23:49:52-info: asset(F:\ccc\NewProjectccc3d\NewProjectccc3d\assets\resources\prefab\shape\Cube_b.prefab) saved
2020-07-11 23:49:52-info: asset(F:\ccc\NewProjectccc3d\NewProjectccc3d\assets\resources\prefab\shape\Cube_b.prefab) saved
2020-07-11 23:49:53-info: asset(F:\ccc\NewProjectccc3d\NewProjectccc3d\assets\resources\prefab\shape\Cube_b.prefab) saved
2020-07-11 23:50:51-info: asset(F:\ccc\NewProjectccc3d\NewProjectccc3d\assets\resources\prefab\layer\Ceilling.prefab) saved
2020-07-11 23:50:51-info: asset(F:\ccc\NewProjectccc3d\NewProjectccc3d\assets\resources\prefab\layer\Ceilling.prefab) saved
2020-07-11 23:50:52-info: asset(F:\ccc\NewProjectccc3d\NewProjectccc3d\assets\resources\prefab\layer\Ceilling.prefab) saved
2020-07-11 23:50:52-info: asset(F:\ccc\NewProjectccc3d\NewProjectccc3d\assets\resources\prefab\layer\Ceilling.prefab) saved
2020-07-11 23:50:52-info: asset(F:\ccc\NewProjectccc3d\NewProjectccc3d\assets\resources\prefab\layer\Ceilling.prefab) saved
2020-07-11 23:50:53-info: asset(F:\ccc\NewProjectccc3d\NewProjectccc3d\assets\resources\prefab\layer\Ceilling.prefab) saved
2020-07-11 23:50:54-info: asset(F:\ccc\NewProjectccc3d\NewProjectccc3d\assets\resources\prefab\layer\Ceilling.prefab) saved
2020-07-11 23:50:54-info: asset(F:\ccc\NewProjectccc3d\NewProjectccc3d\assets\resources\prefab\layer\Ceilling.prefab) saved
2020-07-11 23:50:54-info: asset(F:\ccc\NewProjectccc3d\NewProjectccc3d\assets\resources\prefab\layer\Ceilling.prefab) saved
